d:\c++projects\cplusplusstudydeo\cplusplusstudydeo\release\vc141.pdb
d:\c++projects\cplusplusstudydeo\cplusplusstudydeo\release\数组及结构体初始化列表.obj
d:\c++projects\cplusplusstudydeo\cplusplusstudydeo\release\引用的作用.obj
d:\c++projects\cplusplusstudydeo\cplusplusstudydeo\release\引用作参数.obj
d:\c++projects\cplusplusstudydeo\cplusplusstudydeo\release\异常处理.obj
d:\c++projects\cplusplusstudydeo\cplusplusstudydeo\release\常函数.obj
d:\c++projects\cplusplusstudydeo\cplusplusstudydeo\release\包含默认参数值的函数.obj
d:\c++projects\cplusplusstudydeo\cplusplusstudydeo\release\初始化及赋值.obj
d:\c++projects\cplusplusstudydeo\cplusplusstudydeo\release\初始化列表.obj
d:\c++projects\cplusplusstudydeo\cplusplusstudydeo\release\this指针.obj
d:\c++projects\cplusplusstudydeo\cplusplusstudydeo\release\testclass.obj
d:\c++projects\cplusplusstudydeo\cplusplusstudydeo\release\struct_demo.obj
d:\c++projects\cplusplusstudydeo\cplusplusstudydeo\release\static的使用.obj
d:\c++projects\cplusplusstudydeo\cplusplusstudydeo\release\static_cast_test.obj
d:\c++projects\cplusplusstudydeo\cplusplusstudydeo\release\new_delete_demo.obj
d:\c++projects\cplusplusstudydeo\cplusplusstudydeo\release\namespace_demo.obj
d:\c++projects\cplusplusstudydeo\cplusplusstudydeo\release\malloc_new_free_delete.obj
d:\c++projects\cplusplusstudydeo\cplusplusstudydeo\release\dynamic_cast_test.obj
d:\c++projects\cplusplusstudydeo\cplusplusstudydeo\release\cplusplus字符串.obj
d:\c++projects\cplusplusstudydeo\cplusplusstudydeo\release\cplusplusstudydeo.obj
d:\c++projects\cplusplusstudydeo\cplusplusstudydeo\release\const_cast_test.obj
d:\c++projects\cplusplusstudydeo\cplusplusstudydeo\release\重载函数.obj
d:\c++projects\cplusplusstudydeo\cplusplusstudydeo\release\访问修饰符.obj
d:\c++projects\cplusplusstudydeo\cplusplusstudydeo\release\覆盖.obj
d:\c++projects\cplusplusstudydeo\cplusplusstudydeo\release\虚继承.obj
d:\c++projects\cplusplusstudydeo\cplusplusstudydeo\release\虚析构.obj
d:\c++projects\cplusplusstudydeo\cplusplusstudydeo\release\虚函数.obj
d:\c++projects\cplusplusstudydeo\cplusplusstudydeo\release\继承构造和析构函数的调用顺序.obj
d:\c++projects\cplusplusstudydeo\cplusplusstudydeo\release\继承.obj
d:\c++projects\cplusplusstudydeo\cplusplusstudydeo\release\纯虚函数.obj
d:\c++projects\cplusplusstudydeo\cplusplusstudydeo\release\类示例.obj
d:\c++projects\cplusplusstudydeo\cplusplusstudydeo\release\类的构造函数.obj
d:\c++projects\cplusplusstudydeo\cplusplusstudydeo\release\析构函数.obj
d:\c++projects\cplusplusstudydeo\cplusplusstudydeo\release\星号作用.obj
d:\c++projects\cplusplusstudydeo\release\cplusplusstudydeo.ipdb
d:\c++projects\cplusplusstudydeo\release\cplusplusstudydeo.iobj
d:\c++projects\cplusplusstudydeo\release\cplusplusstudydeo.exe
d:\c++projects\cplusplusstudydeo\release\cplusplusstudydeo.pdb
d:\c++projects\cplusplusstudydeo\cplusplusstudydeo\release\cplusplusstudydeo.res
d:\c++projects\cplusplusstudydeo\cplusplusstudydeo\release\cplusplu.722c52c9.tlog\cl.command.1.tlog
d:\c++projects\cplusplusstudydeo\cplusplusstudydeo\release\cplusplu.722c52c9.tlog\cl.read.1.tlog
d:\c++projects\cplusplusstudydeo\cplusplusstudydeo\release\cplusplu.722c52c9.tlog\cl.write.1.tlog
d:\c++projects\cplusplusstudydeo\cplusplusstudydeo\release\cplusplu.722c52c9.tlog\cplusplusstudydeo.write.1u.tlog
d:\c++projects\cplusplusstudydeo\cplusplusstudydeo\release\cplusplu.722c52c9.tlog\link.command.1.tlog
d:\c++projects\cplusplusstudydeo\cplusplusstudydeo\release\cplusplu.722c52c9.tlog\link.read.1.tlog
d:\c++projects\cplusplusstudydeo\cplusplusstudydeo\release\cplusplu.722c52c9.tlog\link.write.1.tlog
d:\c++projects\cplusplusstudydeo\cplusplusstudydeo\release\cplusplu.722c52c9.tlog\rc.command.1.tlog
d:\c++projects\cplusplusstudydeo\cplusplusstudydeo\release\cplusplu.722c52c9.tlog\rc.read.1.tlog
d:\c++projects\cplusplusstudydeo\cplusplusstudydeo\release\cplusplu.722c52c9.tlog\rc.write.1.tlog
